<?xml version="1.0" encoding="UTF-8"?>
<testsuite name="com.kodilla.stream.world.peopleWorldTest" tests="1" skipped="0" failures="0" errors="0" timestamp="2018-10-23T18:49:22" hostname="Agniecha1" time="0.018">
  <properties/>
  <testcase name="testGetPeopleQuantity" classname="com.kodilla.stream.world.peopleWorldTest" time="0.018"/>
  <system-out><![CDATA[Process counting people of the World : begin
Test Case : begin
Test Case: end
Process counting people of the World: end
]]></system-out>
  <system-err><![CDATA[]]></system-err>
</testsuite>
