<?xml version="1.0" encoding="UTF-8"?>
<testsuite name="com.kodilla.testing.collection.CollectionTestSuite" tests="2" skipped="0" failures="0" errors="0" timestamp="2018-07-29T20:23:30" hostname="Agniecha1" time="0.037">
  <properties/>
  <testcase name="testOddNumbersExterminatorEmptyList" classname="com.kodilla.testing.collection.CollectionTestSuite" time="0.031"/>
  <testcase name="testOddNumbersExterminatorNormalList" classname="com.kodilla.testing.collection.CollectionTestSuite" time="0.003"/>
  <system-out><![CDATA[Test Letters Odd  or Even : begin
Test Case : begin
Test Case: end
Test Case : begin
Test Case: end
Test Letters Odd  or Even: end
]]></system-out>
  <system-err><![CDATA[]]></system-err>
</testsuite>
