<?xml version="1.0" encoding="UTF-8"?>
<testsuite name="com.kodilla.testing.example.Example" tests="9" skipped="0" failures="0" errors="0" timestamp="2018-07-29T20:23:30" hostname="Agniecha1" time="0.099">
  <properties/>
  <testcase name="testMax" classname="com.kodilla.testing.example.Example" time="0.005"/>
  <testcase name="testMin" classname="com.kodilla.testing.example.Example" time="0.001"/>
  <testcase name="testSum" classname="com.kodilla.testing.example.Example" time="0.001"/>
  <testcase name="testAverage" classname="com.kodilla.testing.example.Example" time="0.001"/>
  <testcase name="testCountLength3UsingJava7" classname="com.kodilla.testing.example.Example" time="0.005"/>
  <testcase name="testCountEmptyStringUsingJava7" classname="com.kodilla.testing.example.Example" time="0.002"/>
  <testcase name="testDeleteEmptyStringsUsingJava7" classname="com.kodilla.testing.example.Example" time="0.003"/>
  <testcase name="testMergedStringUsingJava7" classname="com.kodilla.testing.example.Example" time="0.064"/>
  <testcase name="testSquares" classname="com.kodilla.testing.example.Example" time="0.001"/>
  <system-out><![CDATA[]]></system-out>
  <system-err><![CDATA[]]></system-err>
</testsuite>
