<?xml version="1.0" encoding="UTF-8"?>
<testsuite name="com.kodilla.testing.weather.stub.WeatherForecastTestSuite" tests="1" skipped="0" failures="0" errors="0" timestamp="2018-10-23T18:49:41" hostname="Agniecha1" time="0.006">
  <properties/>
  <testcase name="testCalculateForecastWithStub" classname="com.kodilla.testing.weather.stub.WeatherForecastTestSuite" time="0.006"/>
  <system-out><![CDATA[]]></system-out>
  <system-err><![CDATA[]]></system-err>
</testsuite>
