<?xml version="1.0" encoding="UTF-8"?>
<testsuite name="com.kodilla.testing.library.BookDirectoryTestSuite" tests="7" skipped="0" failures="0" errors="0" timestamp="2018-07-31T18:47:01" hostname="Agniecha1" time="0.099">
  <properties/>
  <testcase name="testBooksInHandsOfCaseOneRentBooks" classname="com.kodilla.testing.library.BookDirectoryTestSuite" time="0.031"/>
  <testcase name="testListBooksWithConditionFragmentShorterThan3" classname="com.kodilla.testing.library.BookDirectoryTestSuite" time="0.027"/>
  <testcase name="testBooksInHandsOfCaseHundredBooks" classname="com.kodilla.testing.library.BookDirectoryTestSuite" time="0.001"/>
  <testcase name="testListBooksWithConditionMoreThan20" classname="com.kodilla.testing.library.BookDirectoryTestSuite" time="0.032"/>
  <testcase name="testListBooksWithConditionsReturnList" classname="com.kodilla.testing.library.BookDirectoryTestSuite" time="0.001"/>
  <testcase name="testBooksInHandsOfCase0rentBooks" classname="com.kodilla.testing.library.BookDirectoryTestSuite" time="0.001"/>
  <testcase name="testBooksInHandsOfCaseFiverRentBooks" classname="com.kodilla.testing.library.BookDirectoryTestSuite" time="0.003"/>
  <system-out><![CDATA[]]></system-out>
  <system-err><![CDATA[]]></system-err>
</testsuite>
