<?xml version="1.0" encoding="UTF-8"?>
<testsuite name="com.kodilla.testing.forum.statistics.CalculationsTest" tests="8" skipped="0" failures="0" errors="0" timestamp="2018-06-18T08:34:31" hostname="Agniecha1" time="1.083">
  <properties/>
  <testcase name="testCalculateAverageCaseCommentsNull" classname="com.kodilla.testing.forum.statistics.CalculationsTest" time="1.027"/>
  <testcase name="testCalculateAverageCaseThusendPosts" classname="com.kodilla.testing.forum.statistics.CalculationsTest" time="0.002"/>
  <testcase name="testCalculateAverageCaseUesrPostsCommentsTheSameValue" classname="com.kodilla.testing.forum.statistics.CalculationsTest" time="0.009"/>
  <testcase name="testCalculateAverageCaseLessPostsThanComments" classname="com.kodilla.testing.forum.statistics.CalculationsTest" time="0.004"/>
  <testcase name="testCalculateAverageCaseHundredUsers" classname="com.kodilla.testing.forum.statistics.CalculationsTest" time="0.002"/>
  <testcase name="testCalculateAverageCasemorePostsThanComments" classname="com.kodilla.testing.forum.statistics.CalculationsTest" time="0.003"/>
  <testcase name="testCalculateAverageCaseNullPosts" classname="com.kodilla.testing.forum.statistics.CalculationsTest" time="0.004"/>
  <testcase name="testCalculateAverageCaseNullUsers" classname="com.kodilla.testing.forum.statistics.CalculationsTest" time="0.014"/>
  <system-out><![CDATA[]]></system-out>
  <system-err><![CDATA[]]></system-err>
</testsuite>
