<?xml version="1.0" encoding="UTF-8"?>
<testsuite name="com.kodilla.testing.forum.statistics.CalculationsTest" tests="8" skipped="0" failures="0" errors="0" timestamp="2018-07-31T18:46:59" hostname="Agniecha1" time="1.024">
  <properties/>
  <testcase name="testCalculateAverageCaseCommentsNull" classname="com.kodilla.testing.forum.statistics.CalculationsTest" time="0.941"/>
  <testcase name="testCalculateAverageCaseThusendPosts" classname="com.kodilla.testing.forum.statistics.CalculationsTest" time="0.002"/>
  <testcase name="testCalculateAverageCaseUesrPostsCommentsTheSameValue" classname="com.kodilla.testing.forum.statistics.CalculationsTest" time="0.051"/>
  <testcase name="testCalculateAverageCaseLessPostsThanComments" classname="com.kodilla.testing.forum.statistics.CalculationsTest" time="0.003"/>
  <testcase name="testCalculateAverageCaseHundredUsers" classname="com.kodilla.testing.forum.statistics.CalculationsTest" time="0.002"/>
  <testcase name="testCalculateAverageCasemorePostsThanComments" classname="com.kodilla.testing.forum.statistics.CalculationsTest" time="0.002"/>
  <testcase name="testCalculateAverageCaseNullPosts" classname="com.kodilla.testing.forum.statistics.CalculationsTest" time="0.012"/>
  <testcase name="testCalculateAverageCaseNullUsers" classname="com.kodilla.testing.forum.statistics.CalculationsTest" time="0.003"/>
  <system-out><![CDATA[]]></system-out>
  <system-err><![CDATA[]]></system-err>
</testsuite>
