<?xml version="1.0" encoding="UTF-8"?>
<testsuite name="com.kodilla.hibernate.invoice.dao.ProductDaoTestSuite" tests="1" skipped="0" failures="0" errors="0" timestamp="2018-10-23T18:11:41" hostname="Agniecha1" time="0.083">
  <properties/>
  <testcase name="productDaoSave" classname="com.kodilla.hibernate.invoice.dao.ProductDaoTestSuite" time="0.083"/>
  <system-out><![CDATA[2018-10-23 20:11:41.870  INFO 8084 --- [    Test worker] .b.t.c.SpringBootTestContextBootstrapper : Neither @ContextConfiguration nor @ContextHierarchy found for test class [com.kodilla.hibernate.invoice.dao.ProductDaoTestSuite], using SpringBootContextLoader
2018-10-23 20:11:41.875  INFO 8084 --- [    Test worker] o.s.t.c.support.AbstractContextLoader    : Could not detect default resource locations for test class [com.kodilla.hibernate.invoice.dao.ProductDaoTestSuite]: no resource found for suffixes {-context.xml, Context.groovy}.
2018-10-23 20:11:41.878  INFO 8084 --- [    Test worker] t.c.s.AnnotationConfigContextLoaderUtils : Could not detect default configuration classes for test class [com.kodilla.hibernate.invoice.dao.ProductDaoTestSuite]: ProductDaoTestSuite does not declare any static, non-private, non-final, nested classes annotated with @Configuration.
2018-10-23 20:11:41.888  INFO 8084 --- [    Test worker] .b.t.c.SpringBootTestContextBootstrapper : Found @SpringBootConfiguration com.kodilla.hibernate.KodillaHibernateApplication for test class com.kodilla.hibernate.invoice.dao.ProductDaoTestSuite
2018-10-23 20:11:41.919  INFO 8084 --- [    Test worker] .b.t.c.SpringBootTestContextBootstrapper : Loaded default TestExecutionListener class names from location [META-INF/spring.factories]: [org.springframework.boot.test.autoconfigure.restdocs.RestDocsTestExecutionListener, org.springframework.boot.test.autoconfigure.web.client.MockRestServiceServerResetTestExecutionListener, org.springframework.boot.test.autoconfigure.web.servlet.MockMvcPrintOnlyOnFailureTestExecutionListener, org.springframework.boot.test.autoconfigure.web.servlet.WebDriverTestExecutionListener, org.springframework.boot.test.mock.mockito.MockitoTestExecutionListener, org.springframework.boot.test.mock.mockito.ResetMocksTestExecutionListener, org.springframework.test.context.web.ServletTestExecutionListener, org.springframework.test.context.support.DirtiesContextBeforeModesTestExecutionListener, org.springframework.test.context.support.DependencyInjectionTestExecutionListener, org.springframework.test.context.support.DirtiesContextTestExecutionListener, org.springframework.test.context.transaction.TransactionalTestExecutionListener, org.springframework.test.context.jdbc.SqlScriptsTestExecutionListener]
2018-10-23 20:11:41.924  INFO 8084 --- [    Test worker] .b.t.c.SpringBootTestContextBootstrapper : Using TestExecutionListeners: [org.springframework.test.context.support.DirtiesContextBeforeModesTestExecutionListener@716261bc, org.springframework.boot.test.mock.mockito.MockitoTestExecutionListener@34222508, org.springframework.boot.test.autoconfigure.SpringBootDependencyInjectionTestExecutionListener@4fe485e0, org.springframework.test.context.support.DirtiesContextTestExecutionListener@7411ca4d, org.springframework.test.context.transaction.TransactionalTestExecutionListener@161c3af2, org.springframework.test.context.jdbc.SqlScriptsTestExecutionListener@3333475c, org.springframework.boot.test.autoconfigure.restdocs.RestDocsTestExecutionListener@58131f5f, org.springframework.boot.test.autoconfigure.web.client.MockRestServiceServerResetTestExecutionListener@222af5b2, org.springframework.boot.test.autoconfigure.web.servlet.MockMvcPrintOnlyOnFailureTestExecutionListener@559690af, org.springframework.boot.test.autoconfigure.web.servlet.WebDriverTestExecutionListener@7cb634e6, org.springframework.boot.test.mock.mockito.ResetMocksTestExecutionListener@3c9f35c8]
Hibernate: select next_val as id_val from hibernate_sequence for update
Hibernate: update hibernate_sequence set next_val= ? where next_val=?
Hibernate: insert into product (name, id) values (?, ?)
Hibernate: select product0_.id as id1_5_0_, product0_.name as name2_5_0_ from product product0_ where product0_.id=?
]]></system-out>
  <system-err><![CDATA[]]></system-err>
</testsuite>
