<?xml version="1.0" encoding="UTF-8"?>
<testsuite name="com.kodilla.hibernate.invoice.dao.ItemDaoTestSuite" tests="1" skipped="0" failures="0" errors="0" timestamp="2018-10-23T18:11:41" hostname="Agniecha1" time="0.379">
  <properties/>
  <testcase name="itemDaoTest" classname="com.kodilla.hibernate.invoice.dao.ItemDaoTestSuite" time="0.379"/>
  <system-out><![CDATA[2018-10-23 20:11:41.415  INFO 8084 --- [    Test worker] .b.t.c.SpringBootTestContextBootstrapper : Neither @ContextConfiguration nor @ContextHierarchy found for test class [com.kodilla.hibernate.invoice.dao.ItemDaoTestSuite], using SpringBootContextLoader
2018-10-23 20:11:41.419  INFO 8084 --- [    Test worker] o.s.t.c.support.AbstractContextLoader    : Could not detect default resource locations for test class [com.kodilla.hibernate.invoice.dao.ItemDaoTestSuite]: no resource found for suffixes {-context.xml, Context.groovy}.
2018-10-23 20:11:41.419  INFO 8084 --- [    Test worker] t.c.s.AnnotationConfigContextLoaderUtils : Could not detect default configuration classes for test class [com.kodilla.hibernate.invoice.dao.ItemDaoTestSuite]: ItemDaoTestSuite does not declare any static, non-private, non-final, nested classes annotated with @Configuration.
2018-10-23 20:11:41.433  INFO 8084 --- [    Test worker] .b.t.c.SpringBootTestContextBootstrapper : Found @SpringBootConfiguration com.kodilla.hibernate.KodillaHibernateApplication for test class com.kodilla.hibernate.invoice.dao.ItemDaoTestSuite
2018-10-23 20:11:41.457  INFO 8084 --- [    Test worker] .b.t.c.SpringBootTestContextBootstrapper : Loaded default TestExecutionListener class names from location [META-INF/spring.factories]: [org.springframework.boot.test.autoconfigure.restdocs.RestDocsTestExecutionListener, org.springframework.boot.test.autoconfigure.web.client.MockRestServiceServerResetTestExecutionListener, org.springframework.boot.test.autoconfigure.web.servlet.MockMvcPrintOnlyOnFailureTestExecutionListener, org.springframework.boot.test.autoconfigure.web.servlet.WebDriverTestExecutionListener, org.springframework.boot.test.mock.mockito.MockitoTestExecutionListener, org.springframework.boot.test.mock.mockito.ResetMocksTestExecutionListener, org.springframework.test.context.web.ServletTestExecutionListener, org.springframework.test.context.support.DirtiesContextBeforeModesTestExecutionListener, org.springframework.test.context.support.DependencyInjectionTestExecutionListener, org.springframework.test.context.support.DirtiesContextTestExecutionListener, org.springframework.test.context.transaction.TransactionalTestExecutionListener, org.springframework.test.context.jdbc.SqlScriptsTestExecutionListener]
2018-10-23 20:11:41.471  INFO 8084 --- [    Test worker] .b.t.c.SpringBootTestContextBootstrapper : Using TestExecutionListeners: [org.springframework.test.context.support.DirtiesContextBeforeModesTestExecutionListener@1fc4bf4b, org.springframework.boot.test.mock.mockito.MockitoTestExecutionListener@2b72bc69, org.springframework.boot.test.autoconfigure.SpringBootDependencyInjectionTestExecutionListener@1863aed7, org.springframework.test.context.support.DirtiesContextTestExecutionListener@635a0b91, org.springframework.test.context.transaction.TransactionalTestExecutionListener@59dede56, org.springframework.test.context.jdbc.SqlScriptsTestExecutionListener@67f1a0f0, org.springframework.boot.test.autoconfigure.restdocs.RestDocsTestExecutionListener@6261afcf, org.springframework.boot.test.autoconfigure.web.client.MockRestServiceServerResetTestExecutionListener@51d43691, org.springframework.boot.test.autoconfigure.web.servlet.MockMvcPrintOnlyOnFailureTestExecutionListener@7ed77e93, org.springframework.boot.test.autoconfigure.web.servlet.WebDriverTestExecutionListener@14cba799, org.springframework.boot.test.mock.mockito.ResetMocksTestExecutionListener@7b3b7d18]
Hibernate: select next_val as id_val from hibernate_sequence for update
Hibernate: update hibernate_sequence set next_val= ? where next_val=?
Hibernate: insert into item (invoice_id, price, product_id, quantity, value, item_id) values (?, ?, ?, ?, ?, ?)
Hibernate: select item0_.item_id as item_id1_3_0_, item0_.invoice_id as invoice_5_3_0_, item0_.price as price2_3_0_, item0_.product_id as product_6_3_0_, item0_.quantity as quantity3_3_0_, item0_.value as value4_3_0_, invoice1_.id as id1_2_1_, invoice1_.number as number2_2_1_, product2_.id as id1_5_2_, product2_.name as name2_5_2_ from item item0_ left outer join invoice invoice1_ on item0_.invoice_id=invoice1_.id left outer join product product2_ on item0_.product_id=product2_.id where item0_.item_id=?
]]></system-out>
  <system-err><![CDATA[]]></system-err>
</testsuite>
