<?xml version="1.0" encoding="UTF-8"?>
<testsuite name="com.kodilla.patterns.singleton.SettingsFileEngineTestSuite" tests="3" skipped="0" failures="0" errors="0" timestamp="2018-10-23T18:19:52" hostname="Agniecha1" time="0.017">
  <properties/>
  <testcase name="testSaveSettings" classname="com.kodilla.patterns.singleton.SettingsFileEngineTestSuite" time="0.004"/>
  <testcase name="testLoadSettings" classname="com.kodilla.patterns.singleton.SettingsFileEngineTestSuite" time="0.003"/>
  <testcase name="testGetFileName" classname="com.kodilla.patterns.singleton.SettingsFileEngineTestSuite" time="0.004"/>
  <system-out><![CDATA[Opening the settings file
Saving settings to file
Loading settings from file
Opened: myapp.settings
Closing the settings file
]]></system-out>
  <system-err><![CDATA[]]></system-err>
</testsuite>
