<?xml version="1.0" encoding="UTF-8"?>
<testsuite name="com.kodilla.patterns.builder.bigmac.BigmacTestSuite" tests="1" skipped="0" failures="0" errors="0" timestamp="2018-10-23T18:19:51" hostname="Agniecha1" time="0.019">
  <properties/>
  <testcase name="testPizzaNew" classname="com.kodilla.patterns.builder.bigmac.BigmacTestSuite" time="0.019"/>
  <system-out><![CDATA[Bigmac{bun='Sezam', burgers=2, sauce='1000 island', ingredients=[onion, chese]}
]]></system-out>
  <system-err><![CDATA[]]></system-err>
</testsuite>
