<?xml version="1.0" encoding="UTF-8"?>
<testsuite name="com.kodilla.patterns.singleton.LoggerTestSuite" tests="1" skipped="0" failures="0" errors="0" timestamp="2018-10-23T18:19:52" hostname="Agniecha1" time="0.004">
  <properties/>
  <testcase name="testGetLastLog" classname="com.kodilla.patterns.singleton.LoggerTestSuite" time="0.004"/>
  <system-out><![CDATA[Log: [I was here]
]]></system-out>
  <system-err><![CDATA[]]></system-err>
</testsuite>
